Running transformation pass 1: Rewriting asserts
Running transformation pass 2: Rewriting calls
Running transformation pass 3: Pruning program
Running transformation pass 4: SequentialInstrumentation
Verifying program while tracking: {assertsPassed, $Exception}
Running transformation pass 5: Variable Slicing
Running transformation pass 6: Some verification pass
Verifying implementation PoirotMain.Main_SeqInstr
  [0.6984673 s]  
Errors
1 counterexamples.
Program has a potential bug: Running transformation pass 7: Variable Slicing
Running transformation pass 8: Some verification pass
Verifying implementation PoirotMain.Main_SeqInstr_trace_1
  [0.2981995 s]  
Correct
0 counterexamples.
False bug
Running transformation pass 9: Variable Slicing
Running transformation pass 10: Some verification pass
Verifying implementation PoirotMain.Main_SeqInstr_trace_1
  [0.241161 s]  
Correct
0 counterexamples.
Running transformation pass 11: Variable Slicing
  [0.4062743 s]  
Verifying program while tracking: {assertsPassed, $Exception, F$DotNetOpenAuth.OpenId.Messages.IndirectSignedResponse._ReturnTo, F$PoirotMain.Auth_resp}
Running transformation pass 12: Variable Slicing
Running transformation pass 13: Some verification pass
Verifying implementation PoirotMain.Main_SeqInstr
  [0.2151449 s]  
Correct
0 counterexamples.
Program has no bugs

Boogie verification time: 1.86 s
Time spent reading-writing programs: 1.02 s

Time spent checking a program (2): 1.68 s
Time spent checking a path (3): 1.74 s

Number of procedures inlined: 146
Number of variables tracked: 4
Total Time: 4.6030811 s
