Running transformation pass 1: Rewriting asserts
Running transformation pass 2: Rewriting calls
Running transformation pass 3: Pruning program
Running transformation pass 4: SequentialInstrumentation
Verifying program while tracking: {assertsPassed, $Exception}
Running transformation pass 5: Variable Slicing
Running transformation pass 6: Some verification pass
Verifying implementation PoirotMain.Main_SeqInstr
  [0.4503012 s]  
Errors
1 counterexamples.
Program has a potential bug: Running transformation pass 7: Variable Slicing
Running transformation pass 8: Some verification pass
Verifying implementation PoirotMain.Main_SeqInstr_trace_1
  [0.2221486 s]  
Correct
0 counterexamples.
False bug
Running transformation pass 9: Variable Slicing
Running transformation pass 10: Some verification pass
Verifying implementation PoirotMain.Main_SeqInstr_trace_1
  [0.209139 s]  
Errors
1 counterexamples.
Running transformation pass 11: Variable Slicing
  [0.4896091 s]  
Verifying program while tracking: {assertsPassed, $Exception, F$Global.ProtocolAgnosticToken.token, F$Global.OAuthStates.records, $Alloc, $ArrayContents, F$Global.CanonicalRequestResponse.token}
Running transformation pass 12: Variable Slicing
Running transformation pass 13: Some verification pass
Verifying implementation PoirotMain.Main_SeqInstr
  [0.1317346 s]  
Errors
1 counterexamples.
Program has a potential bug: Running transformation pass 14: Variable Slicing
Running transformation pass 15: Some verification pass
Verifying implementation PoirotMain.Main_SeqInstr_trace_1
  [0.1667269 s]  
Correct
0 counterexamples.
False bug
Running transformation pass 16: Variable Slicing
Running transformation pass 17: Some verification pass
Verifying implementation PoirotMain.Main_SeqInstr_trace_1
  [0.1500999 s]  
Correct
0 counterexamples.
Running transformation pass 18: Variable Slicing
  [0.3052039 s]  
Verifying program while tracking: {assertsPassed, $Exception, F$Global.ProtocolAgnosticToken.token, F$Global.OAuthStates.records, $Alloc, $ArrayContents, F$Global.CanonicalRequestResponse.token, F$cointoss.Controllers.HomeController1.$agnosticOAuth$o__SiteContainer0.$$p__Site4}
Running transformation pass 19: Variable Slicing
Running transformation pass 20: Some verification pass
Verifying implementation PoirotMain.Main_SeqInstr
  [0.1561056 s]  
Errors
1 counterexamples.
Program has a potential bug: Running transformation pass 21: Variable Slicing
Running transformation pass 22: Some verification pass
Verifying implementation PoirotMain.Main_SeqInstr_trace_1
  [0.1821213 s]  
Correct
0 counterexamples.
False bug
Running transformation pass 23: Variable Slicing
Running transformation pass 24: Some verification pass
Verifying implementation PoirotMain.Main_SeqInstr_trace_1
  [0.1791195 s]  
Correct
0 counterexamples.
Running transformation pass 25: Variable Slicing
  [0.3002003 s]  
Verifying program while tracking: {assertsPassed, $Exception, F$Global.ProtocolAgnosticToken.token, F$Global.OAuthStates.records, $Alloc, $ArrayContents, F$Global.CanonicalRequestResponse.token, F$cointoss.Controllers.HomeController1.$agnosticOAuth$o__SiteContainer0.$$p__Site4, F$cointoss.Controllers.HomeController1.$agnosticOAuth$o__SiteContainer0.$$p__Site3}
Running transformation pass 26: Variable Slicing
Running transformation pass 27: Some verification pass
Verifying implementation PoirotMain.Main_SeqInstr
  [0.1631094 s]  
Errors
1 counterexamples.
Program has a potential bug: Running transformation pass 28: Variable Slicing
Running transformation pass 29: Some verification pass
Verifying implementation PoirotMain.Main_SeqInstr_trace_1
  [0.1661099 s]  
Correct
0 counterexamples.
False bug
Running transformation pass 30: Variable Slicing
Running transformation pass 31: Some verification pass
Verifying implementation PoirotMain.Main_SeqInstr_trace_1
  [0.1420956 s]  
Correct
0 counterexamples.
Running transformation pass 32: Variable Slicing
  [0.3022028 s]  
Verifying program while tracking: {assertsPassed, $Exception, F$Global.ProtocolAgnosticToken.token, F$Global.OAuthStates.records, $Alloc, $ArrayContents, F$Global.CanonicalRequestResponse.token, F$cointoss.Controllers.HomeController1.$agnosticOAuth$o__SiteContainer0.$$p__Site4, F$cointoss.Controllers.HomeController1.$agnosticOAuth$o__SiteContainer0.$$p__Site3, F$cointoss.Controllers.HomeController1.$agnosticOAuth$o__SiteContainer0.$$p__Site2}
Running transformation pass 33: Variable Slicing
Running transformation pass 34: Some verification pass
Verifying implementation PoirotMain.Main_SeqInstr
  [0.1440946 s]  
Errors
1 counterexamples.
Program has a potential bug: Running transformation pass 35: Variable Slicing
Running transformation pass 36: Some verification pass
Verifying implementation PoirotMain.Main_SeqInstr_trace_1
  [0.1380924 s]  
Correct
0 counterexamples.
False bug
Running transformation pass 37: Variable Slicing
Running transformation pass 38: Some verification pass
Verifying implementation PoirotMain.Main_SeqInstr_trace_1
  [0.1577291 s]  
Correct
0 counterexamples.
Running transformation pass 39: Variable Slicing
  [0.3222162 s]  
Verifying program while tracking: {assertsPassed, $Exception, F$Global.ProtocolAgnosticToken.token, F$Global.OAuthStates.records, $Alloc, $ArrayContents, F$Global.CanonicalRequestResponse.token, F$cointoss.Controllers.HomeController1.$agnosticOAuth$o__SiteContainer0.$$p__Site4, F$cointoss.Controllers.HomeController1.$agnosticOAuth$o__SiteContainer0.$$p__Site3, F$cointoss.Controllers.HomeController1.$agnosticOAuth$o__SiteContainer0.$$p__Site2, F$cointoss.Controllers.HomeController1.$agnosticOAuth$o__SiteContainer0.$$p__Site1}
Running transformation pass 40: Variable Slicing
Running transformation pass 41: Some verification pass
Verifying implementation PoirotMain.Main_SeqInstr
  [0.1911276 s]  
Errors
1 counterexamples.
Program has a potential bug: Running transformation pass 42: Variable Slicing
Running transformation pass 43: Some verification pass
Verifying implementation PoirotMain.Main_SeqInstr_trace_1
  [0.2001333 s]  
Correct
0 counterexamples.
False bug
Running transformation pass 44: Variable Slicing
Running transformation pass 45: Some verification pass
Verifying implementation PoirotMain.Main_SeqInstr_trace_1
  [0.2281545 s]  
Errors
1 counterexamples.
Running transformation pass 46: Variable Slicing
  [0.3132081 s]  
Verifying program while tracking: {assertsPassed, $Exception, F$Global.ProtocolAgnosticToken.token, F$Global.OAuthStates.records, $Alloc, $ArrayContents, F$Global.CanonicalRequestResponse.token, F$cointoss.Controllers.HomeController1.$agnosticOAuth$o__SiteContainer0.$$p__Site4, F$cointoss.Controllers.HomeController1.$agnosticOAuth$o__SiteContainer0.$$p__Site3, F$cointoss.Controllers.HomeController1.$agnosticOAuth$o__SiteContainer0.$$p__Site2, F$cointoss.Controllers.HomeController1.$agnosticOAuth$o__SiteContainer0.$$p__Site1, F$Global.CanonicalRequestResponse.id, F$Global.ProtocolAgnosticToken.betID}
Running transformation pass 47: Variable Slicing
Running transformation pass 48: Some verification pass
Verifying implementation PoirotMain.Main_SeqInstr
  [0.1821237 s]  
Errors
1 counterexamples.
Program has a potential bug: Running transformation pass 49: Variable Slicing
Running transformation pass 50: Some verification pass
Verifying implementation PoirotMain.Main_SeqInstr_trace_1
  [0.2001345 s]  
Correct
0 counterexamples.
False bug
Running transformation pass 51: Variable Slicing
Running transformation pass 52: Some verification pass
Verifying implementation PoirotMain.Main_SeqInstr_trace_1
  [0.1621079 s]  
Correct
0 counterexamples.
Running transformation pass 53: Variable Slicing
  [0.2391616 s]  
Verifying program while tracking: {assertsPassed, $Exception, F$Global.ProtocolAgnosticToken.token, F$Global.OAuthStates.records, $Alloc, $ArrayContents, F$Global.CanonicalRequestResponse.token, F$cointoss.Controllers.HomeController1.$agnosticOAuth$o__SiteContainer0.$$p__Site4, F$cointoss.Controllers.HomeController1.$agnosticOAuth$o__SiteContainer0.$$p__Site3, F$cointoss.Controllers.HomeController1.$agnosticOAuth$o__SiteContainer0.$$p__Site2, F$cointoss.Controllers.HomeController1.$agnosticOAuth$o__SiteContainer0.$$p__Site1, F$Global.CanonicalRequestResponse.id, F$Global.ProtocolAgnosticToken.betID, F$cointoss.Models.Token._token}
Running transformation pass 54: Variable Slicing
Running transformation pass 55: Some verification pass
Verifying implementation PoirotMain.Main_SeqInstr
  [0.2391609 s]  
Errors
1 counterexamples.
Program has a potential bug: Running transformation pass 56: Variable Slicing
Running transformation pass 57: Some verification pass
Verifying implementation PoirotMain.Main_SeqInstr_trace_1
  [0.1661099 s]  
Correct
0 counterexamples.
False bug
Running transformation pass 58: Variable Slicing
Running transformation pass 59: Some verification pass
Verifying implementation PoirotMain.Main_SeqInstr_trace_1
  [0.2271517 s]  
Errors
1 counterexamples.
Running transformation pass 60: Variable Slicing
  [0.3472315 s]  
Verifying program while tracking: {assertsPassed, $Exception, F$Global.ProtocolAgnosticToken.token, F$Global.OAuthStates.records, $Alloc, $ArrayContents, F$Global.CanonicalRequestResponse.token, F$cointoss.Controllers.HomeController1.$agnosticOAuth$o__SiteContainer0.$$p__Site4, F$cointoss.Controllers.HomeController1.$agnosticOAuth$o__SiteContainer0.$$p__Site3, F$cointoss.Controllers.HomeController1.$agnosticOAuth$o__SiteContainer0.$$p__Site2, F$cointoss.Controllers.HomeController1.$agnosticOAuth$o__SiteContainer0.$$p__Site1, F$Global.CanonicalRequestResponse.id, F$Global.ProtocolAgnosticToken.betID, F$cointoss.Models.Token._token, F$Global.ProtocolAgnosticToken.EffectiveResult, F$Global.CanonicalRequestResponse.result}
Running transformation pass 61: Variable Slicing
Running transformation pass 62: Some verification pass
Verifying implementation PoirotMain.Main_SeqInstr
  [0.2241469 s]  
Errors
1 counterexamples.
Program has a potential bug: Running transformation pass 63: Variable Slicing
Running transformation pass 64: Some verification pass
Verifying implementation PoirotMain.Main_SeqInstr_trace_1
  [0.2441633 s]  
Correct
0 counterexamples.
False bug
Running transformation pass 65: Variable Slicing
Running transformation pass 66: Some verification pass
Verifying implementation PoirotMain.Main_SeqInstr_trace_1
  [0.2461641 s]  
Errors
1 counterexamples.
Running transformation pass 67: Variable Slicing
  [0.3212152 s]  
Verifying program while tracking: {assertsPassed, $Exception, F$Global.ProtocolAgnosticToken.token, F$Global.OAuthStates.records, $Alloc, $ArrayContents, F$Global.CanonicalRequestResponse.token, F$cointoss.Controllers.HomeController1.$agnosticOAuth$o__SiteContainer0.$$p__Site4, F$cointoss.Controllers.HomeController1.$agnosticOAuth$o__SiteContainer0.$$p__Site3, F$cointoss.Controllers.HomeController1.$agnosticOAuth$o__SiteContainer0.$$p__Site2, F$cointoss.Controllers.HomeController1.$agnosticOAuth$o__SiteContainer0.$$p__Site1, F$Global.CanonicalRequestResponse.id, F$Global.ProtocolAgnosticToken.betID, F$cointoss.Models.Token._token, F$Global.ProtocolAgnosticToken.EffectiveResult, F$Global.CanonicalRequestResponse.result, F$Global.GamblingSite.bets, F$Global.ProtocolAgnosticBet.guess}
Running transformation pass 68: Variable Slicing
Running transformation pass 69: Some verification pass
Verifying implementation PoirotMain.Main_SeqInstr
  [0.21014 s]  
Errors
1 counterexamples.
Program has a potential bug: Running transformation pass 70: Variable Slicing
Running transformation pass 71: Some verification pass
Verifying implementation PoirotMain.Main_SeqInstr_trace_1
  [0.1881247 s]  
Correct
0 counterexamples.
False bug
Running transformation pass 72: Variable Slicing
Running transformation pass 73: Some verification pass
Verifying implementation PoirotMain.Main_SeqInstr_trace_1
  [0.2451644 s]  
Errors
1 counterexamples.
Running transformation pass 74: Variable Slicing
  [0.3107497 s]  
Verifying program while tracking: {assertsPassed, $Exception, F$Global.ProtocolAgnosticToken.token, F$Global.OAuthStates.records, $Alloc, $ArrayContents, F$Global.CanonicalRequestResponse.token, F$cointoss.Controllers.HomeController1.$agnosticOAuth$o__SiteContainer0.$$p__Site4, F$cointoss.Controllers.HomeController1.$agnosticOAuth$o__SiteContainer0.$$p__Site3, F$cointoss.Controllers.HomeController1.$agnosticOAuth$o__SiteContainer0.$$p__Site2, F$cointoss.Controllers.HomeController1.$agnosticOAuth$o__SiteContainer0.$$p__Site1, F$Global.CanonicalRequestResponse.id, F$Global.ProtocolAgnosticToken.betID, F$cointoss.Models.Token._token, F$Global.ProtocolAgnosticToken.EffectiveResult, F$Global.CanonicalRequestResponse.result, F$Global.GamblingSite.bets, F$Global.ProtocolAgnosticBet.guess, F$Global.ProtocolAgnosticBet.amount, F$Global.SimplePay.price, F$Global.CanonicalRequestResponse.price}
Running transformation pass 75: Variable Slicing
Running transformation pass 76: Some verification pass
Verifying implementation PoirotMain.Main_SeqInstr
  [0.1781185 s]  
Errors
1 counterexamples.
Program has a potential bug: Running transformation pass 77: Variable Slicing
Running transformation pass 78: Some verification pass
Verifying implementation PoirotMain.Main_SeqInstr_trace_1
  [0.2051364 s]  
Correct
0 counterexamples.
False bug
Running transformation pass 79: Variable Slicing
Running transformation pass 80: Some verification pass
Verifying implementation PoirotMain.Main_SeqInstr_trace_1
  [0.1801205 s]  
Correct
0 counterexamples.
Running transformation pass 81: Variable Slicing
  [0.3172113 s]  
Verifying program while tracking: {assertsPassed, $Exception, F$Global.ProtocolAgnosticToken.token, F$Global.OAuthStates.records, $Alloc, $ArrayContents, F$Global.CanonicalRequestResponse.token, F$cointoss.Controllers.HomeController1.$agnosticOAuth$o__SiteContainer0.$$p__Site4, F$cointoss.Controllers.HomeController1.$agnosticOAuth$o__SiteContainer0.$$p__Site3, F$cointoss.Controllers.HomeController1.$agnosticOAuth$o__SiteContainer0.$$p__Site2, F$cointoss.Controllers.HomeController1.$agnosticOAuth$o__SiteContainer0.$$p__Site1, F$Global.CanonicalRequestResponse.id, F$Global.ProtocolAgnosticToken.betID, F$cointoss.Models.Token._token, F$Global.ProtocolAgnosticToken.EffectiveResult, F$Global.CanonicalRequestResponse.result, F$Global.GamblingSite.bets, F$Global.ProtocolAgnosticBet.guess, F$Global.ProtocolAgnosticBet.amount, F$Global.SimplePay.price, F$Global.CanonicalRequestResponse.price, F$Global.SimplePay.orderID}
Running transformation pass 82: Variable Slicing
Running transformation pass 83: Some verification pass
Verifying implementation PoirotMain.Main_SeqInstr
  [0.2751832 s]  
Errors
1 counterexamples.
Program has a potential bug: Running transformation pass 84: Variable Slicing
Running transformation pass 85: Some verification pass
Verifying implementation PoirotMain.Main_SeqInstr_trace_1
  [0.2021346 s]  
Correct
0 counterexamples.
False bug
Running transformation pass 86: Variable Slicing
Running transformation pass 87: Some verification pass
Verifying implementation PoirotMain.Main_SeqInstr_trace_1
  [0.1841208 s]  
Correct
0 counterexamples.
Running transformation pass 88: Variable Slicing
  [0.3472303 s]  
Verifying program while tracking: {assertsPassed, $Exception, F$Global.ProtocolAgnosticToken.token, F$Global.OAuthStates.records, $Alloc, $ArrayContents, F$Global.CanonicalRequestResponse.token, F$cointoss.Controllers.HomeController1.$agnosticOAuth$o__SiteContainer0.$$p__Site4, F$cointoss.Controllers.HomeController1.$agnosticOAuth$o__SiteContainer0.$$p__Site3, F$cointoss.Controllers.HomeController1.$agnosticOAuth$o__SiteContainer0.$$p__Site2, F$cointoss.Controllers.HomeController1.$agnosticOAuth$o__SiteContainer0.$$p__Site1, F$Global.CanonicalRequestResponse.id, F$Global.ProtocolAgnosticToken.betID, F$cointoss.Models.Token._token, F$Global.ProtocolAgnosticToken.EffectiveResult, F$Global.CanonicalRequestResponse.result, F$Global.GamblingSite.bets, F$Global.ProtocolAgnosticBet.guess, F$Global.ProtocolAgnosticBet.amount, F$Global.SimplePay.price, F$Global.CanonicalRequestResponse.price, F$Global.SimplePay.orderID, F$Global.SimplePay.payee, F$Global.GamblingSite.AccountID, F$Global.CanonicalRequestResponse.payee}
Running transformation pass 89: Variable Slicing
Running transformation pass 90: Some verification pass
Verifying implementation PoirotMain.Main_SeqInstr
  [0.217145 s]  
Correct
0 counterexamples.
Program has no bugs

Boogie verification time: 11.27 s
Time spent reading-writing programs: 6.13 s

Time spent checking a program (13): 5.32 s
Time spent checking a path (36): 14.85 s

Number of procedures inlined: 70
Number of variables tracked: 25
Total Time: 22.1911167 s
